f:\engine\sdl project template1\sdl project template1\debug\vc141.pdb
f:\engine\sdl project template1\sdl project template1\debug\vc141.idb
f:\engine\sdl project template1\sdl project template1\debug\transform.obj
f:\engine\sdl project template1\sdl project template1\debug\spriterenderer.obj
f:\engine\sdl project template1\sdl project template1\debug\scenedevtest.obj
f:\engine\sdl project template1\sdl project template1\debug\scene.obj
f:\engine\sdl project template1\sdl project template1\debug\reffer.obj
f:\engine\sdl project template1\sdl project template1\debug\player.obj
f:\engine\sdl project template1\sdl project template1\debug\node.obj
f:\engine\sdl project template1\sdl project template1\debug\mapcontroller.obj
f:\engine\sdl project template1\sdl project template1\debug\main.obj
f:\engine\sdl project template1\sdl project template1\debug\inputhandler.obj
f:\engine\sdl project template1\sdl project template1\debug\gomanager.obj
f:\engine\sdl project template1\sdl project template1\debug\gameobject.obj
f:\engine\sdl project template1\sdl project template1\debug\gamecamera.obj
f:\engine\sdl project template1\sdl project template1\debug\dbfile.obj
f:\engine\sdl project template1\sdl project template1\debug\collisionmanager.obj
f:\engine\sdl project template1\sdl project template1\debug\colliderwall.obj
f:\engine\sdl project template1\sdl project template1\debug\collider2d.obj
f:\engine\sdl project template1\sdl project template1\debug\app.obj
f:\engine\sdl project template1\debug\sdl project template1.ilk
f:\engine\sdl project template1\debug\sdl project template1.exe
f:\engine\sdl project template1\debug\sdl project template1.pdb
f:\engine\sdl project template1\sdl project template1\debug\sdl project template1.res
f:\engine\sdl project template1\sdl project template1\debug\sdl proj.ce8c7ee4.tlog\cl.command.1.tlog
f:\engine\sdl project template1\sdl project template1\debug\sdl proj.ce8c7ee4.tlog\cl.read.1.tlog
f:\engine\sdl project template1\sdl project template1\debug\sdl proj.ce8c7ee4.tlog\cl.write.1.tlog
f:\engine\sdl project template1\sdl project template1\debug\sdl proj.ce8c7ee4.tlog\link.command.1.tlog
f:\engine\sdl project template1\sdl project template1\debug\sdl proj.ce8c7ee4.tlog\link.read.1.tlog
f:\engine\sdl project template1\sdl project template1\debug\sdl proj.ce8c7ee4.tlog\link.write.1.tlog
f:\engine\sdl project template1\sdl project template1\debug\sdl proj.ce8c7ee4.tlog\rc.command.1.tlog
f:\engine\sdl project template1\sdl project template1\debug\sdl proj.ce8c7ee4.tlog\rc.read.1.tlog
f:\engine\sdl project template1\sdl project template1\debug\sdl proj.ce8c7ee4.tlog\rc.write.1.tlog
